<?xml version="1.0" encoding="UTF-8"?>
<!-- Generated by org.testng.reporters.JUnitReportReporter -->
<testsuite hostname="FFE-Shaikh-Tabrez" failures="0" tests="4" name="WorkingWithTestNG.ExampleForParallelExecution2" time="63.935" errors="0" timestamp="2024-04-16T11:19:16 IST" skipped="0">
  <testcase classname="WorkingWithTestNG.ExampleForParallelExecution2" name="exapmle" time="15.665"/>
  <system-out/>
  <testcase classname="WorkingWithTestNG.ExampleForParallelExecution2" name="example2" time="11.577"/>
  <system-out/>
  <testcase classname="WorkingWithTestNG.ExampleForParallelExecution2" name="exapmle" time="25.174"/>
  <system-out/>
  <testcase classname="WorkingWithTestNG.ExampleForParallelExecution2" name="example2" time="11.519"/>
  <system-out/>
</testsuite> <!-- WorkingWithTestNG.ExampleForParallelExecution2 -->
