<?xml version="1.0" encoding="UTF-8"?>
<!-- Generated by org.testng.reporters.JUnitReportReporter -->
<testsuite hostname="FFE-Shaikh-Tabrez" failures="0" tests="1" name="DemoWebShopTestCsae.GiftTestCase" time="3.824" errors="0" timestamp="2024-04-16T12:38:22 IST" skipped="0">
  <testcase classname="DemoWebShopTestCsae.GiftTestCase" name="giftTestCase" time="3.824"/>
  <system-out/>
</testsuite> <!-- DemoWebShopTestCsae.GiftTestCase -->
