<?xml version="1.0" encoding="UTF-8"?>
<!-- Generated by org.testng.reporters.JUnitReportReporter -->
<testsuite hostname="FFE-Shaikh-Tabrez" failures="0" tests="2" name="WorkingWithTestNG.WorkingWithDependentsOnMethod" time="0.024" errors="0" timestamp="2024-04-15T11:04:07 IST" skipped="0">
  <testcase classname="WorkingWithTestNG.WorkingWithDependentsOnMethod" name="wishlisttestCase" time="0.021"/>
  <system-out/>
  <testcase classname="WorkingWithTestNG.WorkingWithDependentsOnMethod" name="removewishlisttestCase" time="0.003"/>
  <system-out/>
</testsuite> <!-- WorkingWithTestNG.WorkingWithDependentsOnMethod -->
