<?xml version="1.0" encoding="UTF-8"?>
<!-- Generated by org.testng.reporters.JUnitReportReporter -->
<testsuite hostname="FFE-Shaikh-Tabrez" failures="0" tests="10" name="WorkingWithTestNG.WorkingWithInvocationCount" time="300.671" errors="0" timestamp="2024-04-15T11:47:35 IST" skipped="0">
  <testcase classname="WorkingWithTestNG.WorkingWithInvocationCount" name="bookMyShowTestCase" time="36.863"/>
  <system-out/>
  <testcase classname="WorkingWithTestNG.WorkingWithInvocationCount" name="bookMyShowTestCase" time="7.119"/>
  <system-out/>
  <testcase classname="WorkingWithTestNG.WorkingWithInvocationCount" name="bookMyShowTestCase" time="23.419"/>
  <system-out/>
  <testcase classname="WorkingWithTestNG.WorkingWithInvocationCount" name="bookMyShowTestCase" time="41.895"/>
  <system-out/>
  <testcase classname="WorkingWithTestNG.WorkingWithInvocationCount" name="bookMyShowTestCase" time="41.781"/>
  <system-out/>
  <testcase classname="WorkingWithTestNG.WorkingWithInvocationCount" name="bookMyShowTestCase" time="41.730"/>
  <system-out/>
  <testcase classname="WorkingWithTestNG.WorkingWithInvocationCount" name="bookMyShowTestCase" time="41.818"/>
  <system-out/>
  <testcase classname="WorkingWithTestNG.WorkingWithInvocationCount" name="bookMyShowTestCase" time="33.410"/>
  <system-out/>
  <testcase classname="WorkingWithTestNG.WorkingWithInvocationCount" name="bookMyShowTestCase" time="13.424"/>
  <system-out/>
  <testcase classname="WorkingWithTestNG.WorkingWithInvocationCount" name="bookMyShowTestCase" time="19.212"/>
  <system-out/>
</testsuite> <!-- WorkingWithTestNG.WorkingWithInvocationCount -->
