<?xml version="1.0" encoding="UTF-8"?>
<!-- Generated by org.testng.reporters.JUnitReportReporter -->
<testsuite hostname="FFE-Shaikh-Tabrez" failures="0" tests="1" name="DemoWebShopTestCsae.EmailSubscribe" time="3.713" errors="0" timestamp="2024-04-17T09:43:04 IST" skipped="0">
  <testcase classname="DemoWebShopTestCsae.EmailSubscribe" name="subcribe" time="3.713"/>
  <system-out/>
</testsuite> <!-- DemoWebShopTestCsae.EmailSubscribe -->
