<?xml version="1.0" encoding="UTF-8"?>
<!-- Generated by org.testng.reporters.JUnitReportReporter -->
<testsuite hostname="FFE-Shaikh-Tabrez" failures="0" tests="1" name="DemoWebShopTestCsae.WishlistToCart" time="0.000" errors="0" timestamp="2024-04-22T10:22:51 IST" skipped="1">
  <testcase classname="DemoWebShopTestCsae.WishlistToCart" name="wishlistCart" time="0.000">
    <skipped/>
  </testcase> <!-- wishlistCart -->
  <system-out/>
</testsuite> <!-- DemoWebShopTestCsae.WishlistToCart -->
