<?xml version="1.0" encoding="UTF-8"?>
<!-- Generated by org.testng.reporters.JUnitReportReporter -->
<testsuite hostname="FFE-Shaikh-Tabrez" failures="0" tests="2" name="WorkingWithTestNG.ExampleForCrossBrowserExecution" time="20.200" errors="0" timestamp="2024-04-16T12:12:10 IST" skipped="0">
  <testcase classname="WorkingWithTestNG.ExampleForCrossBrowserExecution" name="testCase" time="10.905"/>
  <system-out/>
  <testcase classname="WorkingWithTestNG.ExampleForCrossBrowserExecution" name="testCase" time="9.295"/>
  <system-out/>
</testsuite> <!-- WorkingWithTestNG.ExampleForCrossBrowserExecution -->
