<?xml version="1.0" encoding="UTF-8"?>
<!-- Generated by org.testng.reporters.JUnitReportReporter -->
<testsuite hostname="FFE-Shaikh-Tabrez" failures="0" tests="1" name="WorkingWithTestNG.WorkingWithHArdAssert" time="9.929" errors="0" timestamp="2024-04-17T12:01:26 IST" skipped="0">
  <testcase classname="WorkingWithTestNG.WorkingWithHArdAssert" name="hardAssert" time="9.929"/>
  <system-out>
    <![CDATA[Demo Web Shop Page Displayed
Demo Web Shop Login Page Is Displayed]]>
  </system-out>
</testsuite> <!-- WorkingWithTestNG.WorkingWithHArdAssert -->
