<?xml version="1.0" encoding="UTF-8"?>
<!-- Generated by org.testng.reporters.JUnitReportReporter -->
<testsuite hostname="FFE-Shaikh-Tabrez" failures="0" tests="3" name="WorkingWithTestNG.WokingWithDataProvider" time="9.055" errors="0" timestamp="2024-04-21T13:27:04 IST" skipped="0">
  <testcase classname="WorkingWithTestNG.WokingWithDataProvider" name="testCase" time="3.027"/>
  <system-out/>
  <testcase classname="WorkingWithTestNG.WokingWithDataProvider" name="testCase" time="3.011"/>
  <system-out/>
  <testcase classname="WorkingWithTestNG.WokingWithDataProvider" name="testCase" time="3.017"/>
  <system-out/>
</testsuite> <!-- WorkingWithTestNG.WokingWithDataProvider -->
