<?xml version="1.0" encoding="UTF-8"?>
<!-- Generated by org.testng.reporters.JUnitReportReporter -->
<testsuite hostname="FFE-Shaikh-Tabrez" failures="0" tests="1" name="DemoWebShopTestCsae.BookTestCase" time="4.447" errors="0" timestamp="2024-04-16T12:57:26 IST" skipped="0">
  <testcase classname="DemoWebShopTestCsae.BookTestCase" name="booksTestCase" time="4.447"/>
  <system-out/>
</testsuite> <!-- DemoWebShopTestCsae.BookTestCase -->
