<?xml version="1.0" encoding="UTF-8"?>
<!-- Generated by org.testng.reporters.JUnitReportReporter -->
<testsuite hostname="FFE-Shaikh-Tabrez" failures="0" tests="1" name="DemoWebShopTestCsae.EmailProduct" time="7.921" errors="0" timestamp="2024-04-15T23:12:35 IST" skipped="0">
  <testcase classname="DemoWebShopTestCsae.EmailProduct" name="emailproduct" time="7.921"/>
  <system-out/>
</testsuite> <!-- DemoWebShopTestCsae.EmailProduct -->
