<?xml version="1.0" encoding="UTF-8"?>
<!-- Generated by org.testng.reporters.JUnitReportReporter -->
<testsuite hostname="FFE-Shaikh-Tabrez" failures="0" tests="1" name="Task.VerifyDemoWebShop" time="6.742" errors="0" timestamp="2024-04-15T15:12:46 IST" skipped="0">
  <testcase classname="Task.VerifyDemoWebShop" name="addToCartTestCase" time="6.742"/>
  <system-out/>
</testsuite> <!-- Task.VerifyDemoWebShop -->
