<?xml version="1.0" encoding="UTF-8"?>
<!-- Generated by org.testng.reporters.JUnitReportReporter -->
<testsuite hostname="FFE-Shaikh-Tabrez" failures="0" tests="1" name="DemoWebShopTestCsae.VerifyDemoRegister" time="0.000" errors="0" timestamp="2024-04-22T11:08:04 IST" skipped="1">
  <testcase classname="DemoWebShopTestCsae.VerifyDemoRegister" name="registration" time="0.000">
    <skipped/>
  </testcase> <!-- registration -->
  <system-out/>
</testsuite> <!-- DemoWebShopTestCsae.VerifyDemoRegister -->
