<?xml version="1.0" encoding="UTF-8"?>
<!-- Generated by org.testng.reporters.JUnitReportReporter -->
<testsuite hostname="FFE-Shaikh-Tabrez" failures="0" tests="1" name="WorkingWithTestNG.ExampleForTestAnotation2" time="10.667" errors="0" timestamp="2024-04-12T16:52:20 IST" skipped="0">
  <testcase classname="WorkingWithTestNG.ExampleForTestAnotation2" name="testcas" time="10.667"/>
  <system-out/>
</testsuite> <!-- WorkingWithTestNG.ExampleForTestAnotation2 -->
