<?xml version="1.0" encoding="UTF-8"?>
<!-- Generated by org.testng.reporters.JUnitReportReporter -->
<testsuite hostname="FFE-Shaikh-Tabrez" failures="0" tests="4" name="WorkingWithTestNG.ExampleForParallelExecution" time="57.786" errors="0" timestamp="2024-04-16T11:19:16 IST" skipped="0">
  <testcase classname="WorkingWithTestNG.ExampleForParallelExecution" name="exapmle" time="18.158"/>
  <system-out/>
  <testcase classname="WorkingWithTestNG.ExampleForParallelExecution" name="exapmle" time="19.962"/>
  <system-out/>
  <testcase classname="WorkingWithTestNG.ExampleForParallelExecution" name="example2" time="10.438"/>
  <system-out/>
  <testcase classname="WorkingWithTestNG.ExampleForParallelExecution" name="example2" time="9.228"/>
  <system-out/>
</testsuite> <!-- WorkingWithTestNG.ExampleForParallelExecution -->
