<?xml version="1.0" encoding="UTF-8"?>
<!-- Generated by org.testng.reporters.JUnitReportReporter -->
<testsuite hostname="FFE-Shaikh-Tabrez" failures="0" tests="1" name="WorkingWithTestNG.ExampleForTestAnotation" time="29.500" errors="0" timestamp="2024-04-12T16:28:52 IST" skipped="0">
  <testcase classname="WorkingWithTestNG.ExampleForTestAnotation" name="testcas" time="29.500"/>
  <system-out/>
</testsuite> <!-- WorkingWithTestNG.ExampleForTestAnotation -->
