<?xml version="1.0" encoding="UTF-8"?>
<!-- Generated by org.testng.reporters.JUnitReportReporter -->
<testsuite hostname="FFE-Shaikh-Tabrez" failures="0" tests="1" name="DemoWebShopTestCsae.ChangePassword" time="6.299" errors="0" timestamp="2024-04-21T12:33:01 IST" skipped="0">
  <testcase classname="DemoWebShopTestCsae.ChangePassword" name="changePassword" time="6.299"/>
  <system-out>
    <![CDATA[Account page is dispaleyd
Password is changed]]>
  </system-out>
</testsuite> <!-- DemoWebShopTestCsae.ChangePassword -->
