<?xml version="1.0" encoding="UTF-8"?>
<!-- Generated by org.testng.reporters.JUnitReportReporter -->
<testsuite hostname="FFE-Shaikh-Tabrez" failures="0" tests="2" name="WorkingWithTestNG.ConfigureAnnotations" time="0.030" errors="0" timestamp="2024-04-15T15:05:28 IST" skipped="0">
  <testcase classname="WorkingWithTestNG.ConfigureAnnotations" name="testCase02" time="0.009"/>
  <system-out/>
  <testcase classname="WorkingWithTestNG.ConfigureAnnotations" name="testCase01" time="0.021"/>
  <system-out/>
</testsuite> <!-- WorkingWithTestNG.ConfigureAnnotations -->
