<?xml version="1.0" encoding="UTF-8"?>
<!-- Generated by org.testng.reporters.JUnitReportReporter -->
<testsuite hostname="FFE-Shaikh-Tabrez" failures="0" tests="1" name="WorkingWithTestNG.WorkingWithParameters" time="9.361" errors="0" timestamp="2024-04-17T12:30:04 IST" skipped="0">
  <testcase classname="WorkingWithTestNG.WorkingWithParameters" name="parameters" time="9.361"/>
  <system-out>
    <![CDATA[Demo Web Shop Page Displayed
Demo Web Shop Login Page Is Displayed]]>
  </system-out>
</testsuite> <!-- WorkingWithTestNG.WorkingWithParameters -->
