<?xml version="1.0" encoding="UTF-8"?>
<!-- Generated by org.testng.reporters.JUnitReportReporter -->
<testsuite hostname="FFE-Shaikh-Tabrez" failures="0" tests="5" name="WorkingWithTestNG.MultipleTestAnnotation" time="0.036" errors="0" timestamp="2024-04-15T10:51:05 IST" skipped="1">
  <testcase classname="WorkingWithTestNG.MultipleTestAnnotation" name="regiter" time="0.024"/>
  <system-out/>
  <testcase classname="WorkingWithTestNG.MultipleTestAnnotation" name="login" time="0.003"/>
  <system-out/>
  <testcase classname="WorkingWithTestNG.MultipleTestAnnotation" name="placeOrder" time="0.005"/>
  <system-out/>
  <testcase classname="WorkingWithTestNG.MultipleTestAnnotation" name="logout" time="0.004"/>
  <system-out/>
  <testcase classname="WorkingWithTestNG.MultipleTestAnnotation" name="addToCart">
    <skipped/>
  </testcase> <!-- addToCart -->
  <system-out/>
</testsuite> <!-- WorkingWithTestNG.MultipleTestAnnotation -->
